{"/home/esdras/Documents/projects/lets-code/turma-905-testes-automatizados/aula-2/src/database/index.js": {"path":"/home/esdras/Documents/projects/lets-code/turma-905-testes-automatizados/aula-2/src/database/index.js","all":false,"statementMap":{"0":{"start":{"line":1,"column":0},"end":{"line":1,"column":12}},"1":{"start":{"line":2,"column":0},"end":{"line":2,"column":15}},"2":{"start":{"line":3,"column":0},"end":{"line":3,"column":14}},"3":{"start":{"line":4,"column":0},"end":{"line":4,"column":23}},"4":{"start":{"line":5,"column":0},"end":{"line":5,"column":22}},"5":{"start":{"line":6,"column":0},"end":{"line":6,"column":32}},"6":{"start":{"line":7,"column":0},"end":{"line":7,"column":5}},"7":{"start":{"line":8,"column":0},"end":{"line":8,"column":1}},"8":{"start":{"line":9,"column":0},"end":{"line":9,"column":0}},"9":{"start":{"line":10,"column":0},"end":{"line":10,"column":18}},"10":{"start":{"line":11,"column":0},"end":{"line":11,"column":25}},"11":{"start":{"line":12,"column":0},"end":{"line":12,"column":30}},"12":{"start":{"line":13,"column":0},"end":{"line":13,"column":7}},"13":{"start":{"line":14,"column":0},"end":{"line":14,"column":39}},"14":{"start":{"line":15,"column":0},"end":{"line":15,"column":19}},"15":{"start":{"line":16,"column":0},"end":{"line":16,"column":56}},"16":{"start":{"line":17,"column":0},"end":{"line":17,"column":17}},"17":{"start":{"line":18,"column":0},"end":{"line":18,"column":16}},"18":{"start":{"line":19,"column":0},"end":{"line":19,"column":17}},"19":{"start":{"line":20,"column":0},"end":{"line":20,"column":9}},"20":{"start":{"line":21,"column":0},"end":{"line":21,"column":0}},"21":{"start":{"line":22,"column":0},"end":{"line":22,"column":33}},"22":{"start":{"line":23,"column":0},"end":{"line":23,"column":5}},"23":{"start":{"line":24,"column":0},"end":{"line":24,"column":1}}},"s":{"0":1,"1":1,"2":1,"3":1,"4":1,"5":1,"6":1,"7":1,"8":1,"9":1,"10":1,"11":1,"12":1,"13":1,"14":0,"15":0,"16":0,"17":0,"18":0,"19":0,"20":0,"21":0,"22":0,"23":1},"branchMap":{"0":{"type":"branch","line":11,"loc":{"start":{"line":11,"column":16},"end":{"line":13,"column":5}},"locations":[{"start":{"line":11,"column":16},"end":{"line":13,"column":5}}]},"1":{"type":"branch","line":12,"loc":{"start":{"line":12,"column":22},"end":{"line":12,"column":30}},"locations":[{"start":{"line":12,"column":22},"end":{"line":12,"column":30}}]}},"b":{"0":[1],"1":[0]},"fnMap":{"0":{"name":"findByCPF","decl":{"start":{"line":11,"column":16},"end":{"line":13,"column":5}},"loc":{"start":{"line":11,"column":16},"end":{"line":13,"column":5}},"line":11},"1":{"name":"create","decl":{"start":{"line":14,"column":12},"end":{"line":23,"column":5}},"loc":{"start":{"line":14,"column":12},"end":{"line":23,"column":5}},"line":14}},"f":{"0":1,"1":0}}
,"/home/esdras/Documents/projects/lets-code/turma-905-testes-automatizados/aula-2/src/services/menu-service.js": {"path":"/home/esdras/Documents/projects/lets-code/turma-905-testes-automatizados/aula-2/src/services/menu-service.js","all":false,"statementMap":{"0":{"start":{"line":1,"column":0},"end":{"line":1,"column":32}},"1":{"start":{"line":2,"column":0},"end":{"line":2,"column":45}},"2":{"start":{"line":3,"column":0},"end":{"line":3,"column":54}},"3":{"start":{"line":4,"column":0},"end":{"line":4,"column":0}},"4":{"start":{"line":5,"column":0},"end":{"line":5,"column":19}},"5":{"start":{"line":6,"column":0},"end":{"line":6,"column":27}},"6":{"start":{"line":7,"column":0},"end":{"line":7,"column":79}},"7":{"start":{"line":8,"column":0},"end":{"line":8,"column":8}},"8":{"start":{"line":9,"column":0},"end":{"line":9,"column":40}},"9":{"start":{"line":10,"column":0},"end":{"line":10,"column":39}},"10":{"start":{"line":11,"column":0},"end":{"line":11,"column":71}},"11":{"start":{"line":12,"column":0},"end":{"line":12,"column":9}},"12":{"start":{"line":13,"column":0},"end":{"line":13,"column":8}},"13":{"start":{"line":14,"column":0},"end":{"line":14,"column":54}},"14":{"start":{"line":15,"column":0},"end":{"line":15,"column":0}},"15":{"start":{"line":16,"column":0},"end":{"line":16,"column":24}},"16":{"start":{"line":17,"column":0},"end":{"line":17,"column":51}},"17":{"start":{"line":18,"column":0},"end":{"line":18,"column":71}},"18":{"start":{"line":19,"column":0},"end":{"line":19,"column":9}},"19":{"start":{"line":20,"column":0},"end":{"line":20,"column":0}},"20":{"start":{"line":21,"column":0},"end":{"line":21,"column":28}},"21":{"start":{"line":22,"column":0},"end":{"line":22,"column":17}},"22":{"start":{"line":23,"column":0},"end":{"line":23,"column":16}},"23":{"start":{"line":24,"column":0},"end":{"line":24,"column":17}},"24":{"start":{"line":25,"column":0},"end":{"line":25,"column":10}},"25":{"start":{"line":26,"column":0},"end":{"line":26,"column":0}},"26":{"start":{"line":27,"column":0},"end":{"line":27,"column":23}},"27":{"start":{"line":28,"column":0},"end":{"line":28,"column":55}},"28":{"start":{"line":29,"column":0},"end":{"line":29,"column":67}},"29":{"start":{"line":30,"column":0},"end":{"line":30,"column":5}},"30":{"start":{"line":31,"column":0},"end":{"line":31,"column":1}},"31":{"start":{"line":32,"column":0},"end":{"line":32,"column":0}},"32":{"start":{"line":33,"column":0},"end":{"line":33,"column":28}}},"s":{"0":1,"1":1,"2":1,"3":1,"4":1,"5":1,"6":3,"7":3,"8":3,"9":1,"10":1,"11":1,"12":2,"13":2,"14":2,"15":3,"16":1,"17":1,"18":1,"19":1,"20":1,"21":1,"22":1,"23":1,"24":1,"25":1,"26":1,"27":1,"28":1,"29":1,"30":1,"31":1,"32":1},"branchMap":{"0":{"type":"branch","line":6,"loc":{"start":{"line":6,"column":4},"end":{"line":30,"column":5}},"locations":[{"start":{"line":6,"column":4},"end":{"line":30,"column":5}}]},"1":{"type":"branch","line":9,"loc":{"start":{"line":9,"column":39},"end":{"line":12,"column":9}},"locations":[{"start":{"line":9,"column":39},"end":{"line":12,"column":9}}]},"2":{"type":"branch","line":12,"loc":{"start":{"line":12,"column":8},"end":{"line":16,"column":23}},"locations":[{"start":{"line":12,"column":8},"end":{"line":16,"column":23}}]},"3":{"type":"branch","line":16,"loc":{"start":{"line":16,"column":23},"end":{"line":30,"column":5}},"locations":[{"start":{"line":16,"column":23},"end":{"line":30,"column":5}}]}},"b":{"0":[3],"1":[1],"2":[2],"3":[1]},"fnMap":{"0":{"name":"signUp","decl":{"start":{"line":6,"column":4},"end":{"line":30,"column":5}},"loc":{"start":{"line":6,"column":4},"end":{"line":30,"column":5}},"line":6}},"f":{"0":3}}
,"/home/esdras/Documents/projects/lets-code/turma-905-testes-automatizados/aula-2/src/services/user-service.js": {"path":"/home/esdras/Documents/projects/lets-code/turma-905-testes-automatizados/aula-2/src/services/user-service.js","all":false,"statementMap":{"0":{"start":{"line":1,"column":0},"end":{"line":1,"column":33}},"1":{"start":{"line":2,"column":0},"end":{"line":2,"column":19}},"2":{"start":{"line":3,"column":0},"end":{"line":3,"column":41}},"3":{"start":{"line":4,"column":0},"end":{"line":4,"column":26}},"4":{"start":{"line":5,"column":0},"end":{"line":5,"column":17}},"5":{"start":{"line":6,"column":0},"end":{"line":6,"column":16}},"6":{"start":{"line":7,"column":0},"end":{"line":7,"column":17}},"7":{"start":{"line":8,"column":0},"end":{"line":8,"column":10}},"8":{"start":{"line":9,"column":0},"end":{"line":9,"column":5}},"9":{"start":{"line":10,"column":0},"end":{"line":10,"column":0}},"10":{"start":{"line":11,"column":0},"end":{"line":11,"column":28}},"11":{"start":{"line":12,"column":0},"end":{"line":12,"column":38}},"12":{"start":{"line":13,"column":0},"end":{"line":13,"column":19}},"13":{"start":{"line":14,"column":0},"end":{"line":14,"column":24}},"14":{"start":{"line":15,"column":0},"end":{"line":15,"column":9}},"15":{"start":{"line":16,"column":0},"end":{"line":16,"column":0}},"16":{"start":{"line":17,"column":0},"end":{"line":17,"column":19}},"17":{"start":{"line":18,"column":0},"end":{"line":18,"column":5}},"18":{"start":{"line":19,"column":0},"end":{"line":19,"column":1}},"19":{"start":{"line":20,"column":0},"end":{"line":20,"column":0}},"20":{"start":{"line":21,"column":0},"end":{"line":21,"column":28}}},"s":{"0":1,"1":1,"2":1,"3":1,"4":1,"5":1,"6":1,"7":1,"8":1,"9":1,"10":1,"11":5,"12":5,"13":2,"14":2,"15":3,"16":3,"17":3,"18":1,"19":1,"20":1},"branchMap":{"0":{"type":"branch","line":3,"loc":{"start":{"line":3,"column":11},"end":{"line":9,"column":5}},"locations":[{"start":{"line":3,"column":11},"end":{"line":9,"column":5}}]},"1":{"type":"branch","line":11,"loc":{"start":{"line":11,"column":11},"end":{"line":18,"column":5}},"locations":[{"start":{"line":11,"column":11},"end":{"line":18,"column":5}}]},"2":{"type":"branch","line":13,"loc":{"start":{"line":13,"column":18},"end":{"line":18,"column":5}},"locations":[{"start":{"line":13,"column":18},"end":{"line":18,"column":5}}]},"3":{"type":"branch","line":13,"loc":{"start":{"line":13,"column":18},"end":{"line":15,"column":9}},"locations":[{"start":{"line":13,"column":18},"end":{"line":15,"column":9}}]}},"b":{"0":[1],"1":[5],"2":[3],"3":[2]},"fnMap":{"0":{"name":"signUp","decl":{"start":{"line":3,"column":11},"end":{"line":9,"column":5}},"loc":{"start":{"line":3,"column":11},"end":{"line":9,"column":5}},"line":3},"1":{"name":"userExists","decl":{"start":{"line":11,"column":11},"end":{"line":18,"column":5}},"loc":{"start":{"line":11,"column":11},"end":{"line":18,"column":5}},"line":11}},"f":{"0":1,"1":5}}
,"/home/esdras/Documents/projects/lets-code/turma-905-testes-automatizados/aula-2/src/utils/cpf-validator.js": {"path":"/home/esdras/Documents/projects/lets-code/turma-905-testes-automatizados/aula-2/src/utils/cpf-validator.js","all":false,"statementMap":{"0":{"start":{"line":1,"column":0},"end":{"line":1,"column":59}},"1":{"start":{"line":2,"column":0},"end":{"line":2,"column":0}},"2":{"start":{"line":3,"column":0},"end":{"line":3,"column":20}},"3":{"start":{"line":4,"column":0},"end":{"line":4,"column":25}},"4":{"start":{"line":5,"column":0},"end":{"line":5,"column":40}},"5":{"start":{"line":6,"column":0},"end":{"line":6,"column":5}},"6":{"start":{"line":7,"column":0},"end":{"line":7,"column":1}},"7":{"start":{"line":8,"column":0},"end":{"line":8,"column":0}},"8":{"start":{"line":9,"column":0},"end":{"line":9,"column":29}}},"s":{"0":1,"1":1,"2":1,"3":1,"4":4,"5":4,"6":1,"7":1,"8":1},"branchMap":{"0":{"type":"branch","line":4,"loc":{"start":{"line":4,"column":11},"end":{"line":6,"column":5}},"locations":[{"start":{"line":4,"column":11},"end":{"line":6,"column":5}}]}},"b":{"0":[4]},"fnMap":{"0":{"name":"isValid","decl":{"start":{"line":4,"column":11},"end":{"line":6,"column":5}},"loc":{"start":{"line":4,"column":11},"end":{"line":6,"column":5}},"line":4}},"f":{"0":4}}
}
