TN:
SF:src/database/index.js
FN:11,findByCPF
FN:14,create
FNF:2
FNH:1
FNDA:1,findByCPF
FNDA:0,create
DA:1,1
DA:2,1
DA:3,1
DA:4,1
DA:5,1
DA:6,1
DA:7,1
DA:8,1
DA:9,1
DA:10,1
DA:11,1
DA:12,1
DA:13,1
DA:14,1
DA:15,0
DA:16,0
DA:17,0
DA:18,0
DA:19,0
DA:20,0
DA:21,0
DA:22,0
DA:23,0
DA:24,1
LF:24
LH:15
BRDA:11,0,0,1
BRDA:12,1,0,0
BRF:2
BRH:1
end_of_record
TN:
SF:src/services/menu-service.js
FN:6,signUp
FNF:1
FNH:1
FNDA:3,signUp
DA:1,1
DA:2,1
DA:3,1
DA:4,1
DA:5,1
DA:6,1
DA:7,3
DA:8,3
DA:9,3
DA:10,1
DA:11,1
DA:12,1
DA:13,2
DA:14,2
DA:15,2
DA:16,3
DA:17,1
DA:18,1
DA:19,1
DA:20,1
DA:21,1
DA:22,1
DA:23,1
DA:24,1
DA:25,1
DA:26,1
DA:27,1
DA:28,1
DA:29,1
DA:30,1
DA:31,1
DA:32,1
DA:33,1
LF:33
LH:33
BRDA:6,0,0,3
BRDA:9,1,0,1
BRDA:12,2,0,2
BRDA:16,3,0,1
BRF:4
BRH:4
end_of_record
TN:
SF:src/services/user-service.js
FN:3,signUp
FN:11,userExists
FNF:2
FNH:2
FNDA:1,signUp
FNDA:5,userExists
DA:1,1
DA:2,1
DA:3,1
DA:4,1
DA:5,1
DA:6,1
DA:7,1
DA:8,1
DA:9,1
DA:10,1
DA:11,1
DA:12,5
DA:13,5
DA:14,2
DA:15,2
DA:16,3
DA:17,3
DA:18,3
DA:19,1
DA:20,1
DA:21,1
LF:21
LH:21
BRDA:3,0,0,1
BRDA:11,1,0,5
BRDA:13,2,0,3
BRDA:13,3,0,2
BRF:4
BRH:4
end_of_record
TN:
SF:src/utils/cpf-validator.js
FN:4,isValid
FNF:1
FNH:1
FNDA:4,isValid
DA:1,1
DA:2,1
DA:3,1
DA:4,1
DA:5,4
DA:6,4
DA:7,1
DA:8,1
DA:9,1
LF:9
LH:9
BRDA:4,0,0,4
BRF:1
BRH:1
end_of_record
